<?xml version="1.0" encoding="UTF-8"?>
<!-- Generated by org.testng.reporters.JUnitReportReporter -->
<testsuite skipped="0" hostname="LAPTOP-HOETUUL9" name="excelData.TestDataExcel" tests="4" failures="0" timestamp="22 Aug 2019 12:44:30 GMT" time="0.024" errors="0">
  <testcase name="Registration_data" time="0.022" classname="excelData.TestDataExcel"/>
  <testcase name="Registration_data" time="0.001" classname="excelData.TestDataExcel"/>
  <testcase name="Registration_data" time="0.000" classname="excelData.TestDataExcel"/>
  <testcase name="Registration_data" time="0.001" classname="excelData.TestDataExcel"/>
</testsuite> <!-- excelData.TestDataExcel -->
