<?xml version="1.0" encoding="UTF-8"?>
<!-- Generated by org.testng.reporters.JUnitReportReporter -->
<testsuite skipped="0" hostname="LAPTOP-HOETUUL9" name="dependency.DependencyOnGroup" tests="3" failures="0" timestamp="31 Jul 2019 19:18:22 GMT" time="0.027" errors="0">
  <testcase name="createAcc1" time="0.023" classname="dependency.DependencyOnGroup"/>
  <testcase name="processUpdate" time="0.001" classname="dependency.DependencyOnGroup"/>
  <testcase name="createAcc2" time="0.003" classname="dependency.DependencyOnGroup"/>
</testsuite> <!-- dependency.DependencyOnGroup -->
