<?xml version="1.0" encoding="UTF-8"?>
<!-- Generated by org.testng.reporters.JUnitReportReporter -->
<testsuite skipped="0" hostname="LAPTOP-HOETUUL9" name="basics.EmployeeApplication2" tests="5" failures="0" timestamp="19 Jun 2019 10:37:14 GMT" time="0.023" errors="0">
  <testcase name="login5" time="0.014" classname="basics.EmployeeApplication2"/>
  <testcase name="login2" time="0.001" classname="basics.EmployeeApplication2"/>
  <testcase name="login4" time="0.002" classname="basics.EmployeeApplication2"/>
  <testcase name="login1" time="0.006" classname="basics.EmployeeApplication2"/>
  <testcase name="login3" time="0.000" classname="basics.EmployeeApplication2"/>
</testsuite> <!-- basics.EmployeeApplication2 -->
