<?xml version="1.0" encoding="UTF-8"?>
<!-- Generated by org.testng.reporters.JUnitReportReporter -->
<testsuite skipped="0" hostname="LAPTOP-HOETUUL9" name="basics.PriorityTest" tests="4" failures="0" timestamp="20 Jun 2019 15:57:57 GMT" time="0.005" errors="0">
  <testcase name="runTest" time="0.001" classname="basics.PriorityTest"/>
  <testcase name="loginTest1" time="0.001" classname="basics.PriorityTest"/>
  <testcase name="login4" time="0.002" classname="basics.PriorityTest"/>
  <testcase name="employeeTest" time="0.001" classname="basics.PriorityTest"/>
</testsuite> <!-- basics.PriorityTest -->
