<?xml version="1.0" encoding="UTF-8"?>
<!-- Generated by org.testng.reporters.JUnitReportReporter -->
<testsuite skipped="0" hostname="LAPTOP-HOETUUL9" name="dataConfigureRead.TestDataConfig" tests="2" failures="0" timestamp="24 Jun 2019 13:52:50 GMT" time="0.009" errors="0">
  <testcase name="test1" time="0.008" classname="dataConfigureRead.TestDataConfig"/>
  <testcase name="test2" time="0.001" classname="dataConfigureRead.TestDataConfig"/>
</testsuite> <!-- dataConfigureRead.TestDataConfig -->
