<?xml version="1.0" encoding="UTF-8"?>
<!-- Generated by org.testng.reporters.JUnitReportReporter -->
<testsuite skipped="0" hostname="LAPTOP-HOETUUL9" name="login.TestDataExcel" tests="4" failures="0" timestamp="01 Jul 2019 15:18:53 GMT" time="0.016" errors="0">
  <testcase name="Registration_data" time="0.014" classname="login.TestDataExcel"/>
  <testcase name="Registration_data" time="0.001" classname="login.TestDataExcel"/>
  <testcase name="Registration_data" time="0.000" classname="login.TestDataExcel"/>
  <testcase name="Registration_data" time="0.001" classname="login.TestDataExcel"/>
</testsuite> <!-- login.TestDataExcel -->
