<?xml version="1.0" encoding="UTF-8"?>
<!-- Generated by org.testng.reporters.JUnitReportReporter -->
<testsuite skipped="0" hostname="LAPTOP-HOETUUL9" name="parallelTest.ParrallelMethod" tests="2" failures="0" timestamp="28 Jun 2019 14:53:24 GMT" time="27.083" errors="0">
  <testcase name="test2" time="14.823" classname="parallelTest.ParrallelMethod"/>
  <testcase name="test1" time="12.260" classname="parallelTest.ParrallelMethod"/>
</testsuite> <!-- parallelTest.ParrallelMethod -->
