<?xml version="1.0" encoding="UTF-8"?>
<!-- Generated by org.testng.reporters.JUnitReportReporter -->
<testsuite skipped="0" hostname="LAPTOP-HOETUUL9" name="dataProvider.DataProviderEx1" tests="6" failures="0" timestamp="21 Jun 2019 15:40:11 GMT" time="0.012" errors="0">
  <testcase name="testdata" time="0.001" classname="dataProvider.DataProviderEx1"/>
  <testcase name="testdata" time="0.001" classname="dataProvider.DataProviderEx1"/>
  <testcase name="testdata" time="0.001" classname="dataProvider.DataProviderEx1"/>
  <testcase name="testdata" time="0.001" classname="dataProvider.DataProviderEx1"/>
  <testcase name="testdata" time="0.007" classname="dataProvider.DataProviderEx1"/>
  <testcase name="testdata" time="0.001" classname="dataProvider.DataProviderEx1"/>
</testsuite> <!-- dataProvider.DataProviderEx1 -->
