<?xml version="1.0" encoding="UTF-8"?>
<!-- Generated by org.testng.reporters.JUnitReportReporter -->
<testsuite skipped="5" hostname="LAPTOP-HOETUUL9" name="basics.EmployeeApplication" tests="6" failures="0" timestamp="18 Jun 2019 15:38:01 GMT" time="54.059" errors="1">
  <testcase name="login1" time="0.000" classname="basics.EmployeeApplication">
    <skipped/>
  </testcase> <!-- login1 -->
  <testcase name="everyTime" time="54.059" classname="basics.EmployeeApplication">
    <error type="org.openqa.selenium.WebDriverException" message="Failed to connect to binary FirefoxBinary(C:\Program Files\Mozilla Firefox\firefox.exe) on port 7055; process output follows: 
30	addons.manager	DEBUG	Starting provider: LightweightThemeManager
1560872235930	addons.manager	DEBUG	Registering shutdown blocker for LightweightThemeManager
1560872235930	addons.manager	DEBUG	Provider finished startup: LightweightThemeManager
1560872235930	addons.manager	DEBUG	Starting provider: GMPProvider
1560872235932	addons.manager	DEBUG	Registering shutdown blocker for GMPProvider
1560872235932	addons.manager	DEBUG	Provider finished startup: GMPProvider
1560872235932	addons.manager	DEBUG	Starting provider: PluginProvider
1560872235932	addons.manager	DEBUG	Registering shutdown blocker for PluginProvider
1560872235932	addons.manager	DEBUG	Provider finished startup: PluginProvider
1560872235935	addons.manager	DEBUG	Completed startup sequence
*** Blocklist::_loadFileInternal: blocklist is disabled
1560872237524	addons.xpi-utils	DEBUG	Starting async load of XPI database C:\Users\nknit\AppData\Local\Temp\anonymous4907903944273591292webdriver-profile\extensions.json
1560872237565	addons.xpi	DEBUG	Ignoring file: name is not a valid add-on ID: C:\Users\nknit\AppData\Local\Temp\anonymous4907903944273591292webdriver-profile\extensions\webdriver-staging
1560872237566	addons.xpi	DEBUG	Existing add-on formautofill@mozilla.org in app-system-defaults
1560872237567	addons.xpi	DEBUG	Existing add-on fxmonitor@mozilla.org in app-system-defaults
1560872237567	addons.xpi	DEBUG	Existing add-on screenshots@mozilla.org in app-system-defaults
1560872237567	addons.xpi	DEBUG	Existing add-on webcompat-reporter@mozilla.org in app-system-defaults
1560872237567	addons.xpi	DEBUG	Existing add-on webcompat@mozilla.org in app-system-defaults
1560872237568	addons.xpi	DEBUG	scanForChanges changed: false, state: {}
1560872237669	addons.xpi-utils	DEBUG	Finished async read of XPI database, parsing...
1560872237773	addons.xpi-utils	DEBUG	Successfully read XPI database
1560872238173	addons.manager	DEBUG	Registering upgrade listener for formautofill@mozilla.org
1560872263163	addons.xpi	DEBUG	Calling bootstrap method shutdown on webcompat@mozilla.org version 4.0.0
1560872263167	addons.xpi	DEBUG	Calling bootstrap method shutdown on screenshots@mozilla.org version 37.1.0
1560872263168	addons.xpi	DEBUG	Calling bootstrap method shutdown on fxmonitor@mozilla.org version 3.0
1560872263170	addons.xpi	DEBUG	Calling bootstrap method shutdown on formautofill@mozilla.org version 1.0
[Parent 18264, Gecko_IOThread] WARNING: pipe error: 109: file z:/task_1559133213/build/src/ipc/chromium/src/chrome/common/ipc_channel_win.cc, line 341
[Parent 18264, Gecko_IOThread] WARNING: pipe error: 109: file z:/task_1559133213/build/src/ipc/chromium/src/chrome/common/ipc_channel_win.cc, line 341
[Child 18404, Chrome_ChildThread] WARNING: pipe error: 109: file z:/task_1559133213/build/src/ipc/chromium/src/chrome/common/ipc_channel_[win.Ccc, line 3hi4ld 9484, 1
Chrome_ChildThrea[Chid] WARNING: pipe error: 109: file z:/task_1559133213/build/src/ipc/chromium/src/chrome/common/ipc_channel_win.cc, line 341
[Child 9484, Chrome_Chi[Parent 18264, Gecko_IOThread] WARNING: pipe error: 109: file z:/task_1559133213/build/src/ipc/chromium/src/chrome/common/ipc_channel_win.cc, line 341
[Child 15948, Chrome_ChildThread] WARNING: pipe error: 109: file z:/task_1559133213/build/src/ipc/chromium/src/chrome/common/ipc_channel_win.cc, line 341
[Child 15948, Chrom1560872263358	addons.manager	DEBUG	shutdown
1560872263361	addons.manager	DEBUG	Calling shutdown blocker for XPIProvider
1560872263362	addons.xpi	DEBUG	shutdown
1560872263380	addons.xpi-utils	DEBUG	shutdown
1560872263381	addons.manager	DEBUG	Calling shutdown blocker for LightweightThemeManager
1560872263382	addons.manager	DEBUG	Calling shutdown blocker for GMPProvider
1560872263385	addons.manager	DEBUG	Calling shutdown blocker for PluginProvider
1560872263393	addons.manager	DEBUG	Async provider shutdown done

###!!! [Child][RunMessage] Error: Channel closing: too late to send/recv, messages will be lost

[GPU 19800, Chrom
###!!! [Child][MessageChannel::SendAndWait] Error: Channel error: cannot send/recv


Build info: version: &#039;2.43.1&#039;, revision: &#039;5163bceef1bc36d43f3dc0b83c88998168a363a0&#039;, time: &#039;2014-09-10 09:43:55&#039;
System info: host: &#039;LAPTOP-HOETUUL9&#039;, ip: &#039;192.168.226.1&#039;, os.name: &#039;Windows 10&#039;, os.arch: &#039;amd64&#039;, os.version: &#039;10.0&#039;, java.version: &#039;1.8.0_144&#039;
Driver info: driver.version: FirefoxDriver">
      <![CDATA[org.openqa.selenium.WebDriverException: Failed to connect to binary FirefoxBinary(C:\Program Files\Mozilla Firefox\firefox.exe) on port 7055; process output follows: 
30addons.managerDEBUGStarting provider: LightweightThemeManager
1560872235930addons.managerDEBUGRegistering shutdown blocker for LightweightThemeManager
1560872235930addons.managerDEBUGProvider finished startup: LightweightThemeManager
1560872235930addons.managerDEBUGStarting provider: GMPProvider
1560872235932addons.managerDEBUGRegistering shutdown blocker for GMPProvider
1560872235932addons.managerDEBUGProvider finished startup: GMPProvider
1560872235932addons.managerDEBUGStarting provider: PluginProvider
1560872235932addons.managerDEBUGRegistering shutdown blocker for PluginProvider
1560872235932addons.managerDEBUGProvider finished startup: PluginProvider
1560872235935addons.managerDEBUGCompleted startup sequence
*** Blocklist::_loadFileInternal: blocklist is disabled
1560872237524addons.xpi-utilsDEBUGStarting async load of XPI database C:\Users\nknit\AppData\Local\Temp\anonymous4907903944273591292webdriver-profile\extensions.json
1560872237565addons.xpiDEBUGIgnoring file: name is not a valid add-on ID: C:\Users\nknit\AppData\Local\Temp\anonymous4907903944273591292webdriver-profile\extensions\webdriver-staging
1560872237566addons.xpiDEBUGExisting add-on formautofill@mozilla.org in app-system-defaults
1560872237567addons.xpiDEBUGExisting add-on fxmonitor@mozilla.org in app-system-defaults
1560872237567addons.xpiDEBUGExisting add-on screenshots@mozilla.org in app-system-defaults
1560872237567addons.xpiDEBUGExisting add-on webcompat-reporter@mozilla.org in app-system-defaults
1560872237567addons.xpiDEBUGExisting add-on webcompat@mozilla.org in app-system-defaults
1560872237568addons.xpiDEBUGscanForChanges changed: false, state: {}
1560872237669addons.xpi-utilsDEBUGFinished async read of XPI database, parsing...
1560872237773addons.xpi-utilsDEBUGSuccessfully read XPI database
1560872238173addons.managerDEBUGRegistering upgrade listener for formautofill@mozilla.org
1560872263163addons.xpiDEBUGCalling bootstrap method shutdown on webcompat@mozilla.org version 4.0.0
1560872263167addons.xpiDEBUGCalling bootstrap method shutdown on screenshots@mozilla.org version 37.1.0
1560872263168addons.xpiDEBUGCalling bootstrap method shutdown on fxmonitor@mozilla.org version 3.0
1560872263170addons.xpiDEBUGCalling bootstrap method shutdown on formautofill@mozilla.org version 1.0
[Parent 18264, Gecko_IOThread] WARNING: pipe error: 109: file z:/task_1559133213/build/src/ipc/chromium/src/chrome/common/ipc_channel_win.cc, line 341
[Parent 18264, Gecko_IOThread] WARNING: pipe error: 109: file z:/task_1559133213/build/src/ipc/chromium/src/chrome/common/ipc_channel_win.cc, line 341
[Child 18404, Chrome_ChildThread] WARNING: pipe error: 109: file z:/task_1559133213/build/src/ipc/chromium/src/chrome/common/ipc_channel_[win.Ccc, line 3hi4ld 9484, 1
Chrome_ChildThrea[Chid] WARNING: pipe error: 109: file z:/task_1559133213/build/src/ipc/chromium/src/chrome/common/ipc_channel_win.cc, line 341
[Child 9484, Chrome_Chi[Parent 18264, Gecko_IOThread] WARNING: pipe error: 109: file z:/task_1559133213/build/src/ipc/chromium/src/chrome/common/ipc_channel_win.cc, line 341
[Child 15948, Chrome_ChildThread] WARNING: pipe error: 109: file z:/task_1559133213/build/src/ipc/chromium/src/chrome/common/ipc_channel_win.cc, line 341
[Child 15948, Chrom1560872263358addons.managerDEBUGshutdown
1560872263361addons.managerDEBUGCalling shutdown blocker for XPIProvider
1560872263362addons.xpiDEBUGshutdown
1560872263380addons.xpi-utilsDEBUGshutdown
1560872263381addons.managerDEBUGCalling shutdown blocker for LightweightThemeManager
1560872263382addons.managerDEBUGCalling shutdown blocker for GMPProvider
1560872263385addons.managerDEBUGCalling shutdown blocker for PluginProvider
1560872263393addons.managerDEBUGAsync provider shutdown done

###!!! [Child][RunMessage] Error: Channel closing: too late to send/recv, messages will be lost

[GPU 19800, Chrom
###!!! [Child][MessageChannel::SendAndWait] Error: Channel error: cannot send/recv


Build info: version: '2.43.1', revision: '5163bceef1bc36d43f3dc0b83c88998168a363a0', time: '2014-09-10 09:43:55'
System info: host: 'LAPTOP-HOETUUL9', ip: '192.168.226.1', os.name: 'Windows 10', os.arch: 'amd64', os.version: '10.0', java.version: '1.8.0_144'
Driver info: driver.version: FirefoxDriver
at org.openqa.selenium.firefox.internal.NewProfileExtensionConnection.start(NewProfileExtensionConnection.java:130)
at org.openqa.selenium.firefox.FirefoxDriver.startClient(FirefoxDriver.java:246)
at org.openqa.selenium.remote.RemoteWebDriver.<init>(RemoteWebDriver.java:114)
at org.openqa.selenium.firefox.FirefoxDriver.<init>(FirefoxDriver.java:191)
at org.openqa.selenium.firefox.FirefoxDriver.<init>(FirefoxDriver.java:186)
at org.openqa.selenium.firefox.FirefoxDriver.<init>(FirefoxDriver.java:182)
at org.openqa.selenium.firefox.FirefoxDriver.<init>(FirefoxDriver.java:95)
at basics.Commonsfirefox.getDriver(Commonsfirefox.java:20)
at basics.EmployeeApplication.everyTime(EmployeeApplication.java:20)
at sun.reflect.NativeMethodAccessorImpl.invoke0(Native Method)
at sun.reflect.NativeMethodAccessorImpl.invoke(NativeMethodAccessorImpl.java:62)
at sun.reflect.DelegatingMethodAccessorImpl.invoke(DelegatingMethodAccessorImpl.java:43)
at java.lang.reflect.Method.invoke(Method.java:498)
at org.testng.internal.MethodInvocationHelper.invokeMethod(MethodInvocationHelper.java:124)
at org.testng.internal.MethodInvocationHelper.invokeMethodConsideringTimeout(MethodInvocationHelper.java:59)
at org.testng.internal.Invoker.invokeConfigurationMethod(Invoker.java:458)
at org.testng.internal.Invoker.invokeConfigurations(Invoker.java:222)
at org.testng.internal.Invoker.invokeMethod(Invoker.java:523)
at org.testng.internal.Invoker.invokeTestMethod(Invoker.java:719)
at org.testng.internal.Invoker.invokeTestMethods(Invoker.java:989)
at org.testng.internal.TestMethodWorker.invokeTestMethods(TestMethodWorker.java:125)
at org.testng.internal.TestMethodWorker.run(TestMethodWorker.java:109)
at org.testng.TestRunner.privateRun(TestRunner.java:648)
at org.testng.TestRunner.run(TestRunner.java:505)
at org.testng.SuiteRunner.runTest(SuiteRunner.java:455)
at org.testng.SuiteRunner.runSequentially(SuiteRunner.java:450)
at org.testng.SuiteRunner.privateRun(SuiteRunner.java:415)
at org.testng.SuiteRunner.run(SuiteRunner.java:364)
at org.testng.SuiteRunnerWorker.runSuite(SuiteRunnerWorker.java:52)
at org.testng.SuiteRunnerWorker.run(SuiteRunnerWorker.java:84)
at org.testng.TestNG.runSuitesSequentially(TestNG.java:1208)
at org.testng.TestNG.runSuitesLocally(TestNG.java:1137)
at org.testng.TestNG.runSuites(TestNG.java:1049)
at org.testng.TestNG.run(TestNG.java:1017)
at org.testng.remote.AbstractRemoteTestNG.run(AbstractRemoteTestNG.java:115)
at org.testng.remote.RemoteTestNG.initAndRun(RemoteTestNG.java:251)
at org.testng.remote.RemoteTestNG.main(RemoteTestNG.java:77)
Caused by: org.openqa.selenium.firefox.NotConnectedException: Unable to connect to host 127.0.0.1 on port 7055 after 45000 ms. Firefox console output:
30addons.managerDEBUGStarting provider: LightweightThemeManager
1560872235930addons.managerDEBUGRegistering shutdown blocker for LightweightThemeManager
1560872235930addons.managerDEBUGProvider finished startup: LightweightThemeManager
1560872235930addons.managerDEBUGStarting provider: GMPProvider
1560872235932addons.managerDEBUGRegistering shutdown blocker for GMPProvider
1560872235932addons.managerDEBUGProvider finished startup: GMPProvider
1560872235932addons.managerDEBUGStarting provider: PluginProvider
1560872235932addons.managerDEBUGRegistering shutdown blocker for PluginProvider
1560872235932addons.managerDEBUGProvider finished startup: PluginProvider
1560872235935addons.managerDEBUGCompleted startup sequence
*** Blocklist::_loadFileInternal: blocklist is disabled
1560872237524addons.xpi-utilsDEBUGStarting async load of XPI database C:\Users\nknit\AppData\Local\Temp\anonymous4907903944273591292webdriver-profile\extensions.json
1560872237565addons.xpiDEBUGIgnoring file: name is not a valid add-on ID: C:\Users\nknit\AppData\Local\Temp\anonymous4907903944273591292webdriver-profile\extensions\webdriver-staging
1560872237566addons.xpiDEBUGExisting add-on formautofill@mozilla.org in app-system-defaults
1560872237567addons.xpiDEBUGExisting add-on fxmonitor@mozilla.org in app-system-defaults
1560872237567addons.xpiDEBUGExisting add-on screenshots@mozilla.org in app-system-defaults
1560872237567addons.xpiDEBUGExisting add-on webcompat-reporter@mozilla.org in app-system-defaults
1560872237567addons.xpiDEBUGExisting add-on webcompat@mozilla.org in app-system-defaults
1560872237568addons.xpiDEBUGscanForChanges changed: false, state: {}
1560872237669addons.xpi-utilsDEBUGFinished async read of XPI database, parsing...
1560872237773addons.xpi-utilsDEBUGSuccessfully read XPI database
1560872238173addons.managerDEBUGRegistering upgrade listener for formautofill@mozilla.org
1560872263163addons.xpiDEBUGCalling bootstrap method shutdown on webcompat@mozilla.org version 4.0.0
1560872263167addons.xpiDEBUGCalling bootstrap method shutdown on screenshots@mozilla.org version 37.1.0
1560872263168addons.xpiDEBUGCalling bootstrap method shutdown on fxmonitor@mozilla.org version 3.0
1560872263170addons.xpiDEBUGCalling bootstrap method shutdown on formautofill@mozilla.org version 1.0
[Parent 18264, Gecko_IOThread] WARNING: pipe error: 109: file z:/task_1559133213/build/src/ipc/chromium/src/chrome/common/ipc_channel_win.cc, line 341
[Parent 18264, Gecko_IOThread] WARNING: pipe error: 109: file z:/task_1559133213/build/src/ipc/chromium/src/chrome/common/ipc_channel_win.cc, line 341
[Child 18404, Chrome_ChildThread] WARNING: pipe error: 109: file z:/task_1559133213/build/src/ipc/chromium/src/chrome/common/ipc_channel_[win.Ccc, line 3hi4ld 9484, 1
Chrome_ChildThrea[Chid] WARNING: pipe error: 109: file z:/task_1559133213/build/src/ipc/chromium/src/chrome/common/ipc_channel_win.cc, line 341
[Child 9484, Chrome_Chi[Parent 18264, Gecko_IOThread] WARNING: pipe error: 109: file z:/task_1559133213/build/src/ipc/chromium/src/chrome/common/ipc_channel_win.cc, line 341
[Child 15948, Chrome_ChildThread] WARNING: pipe error: 109: file z:/task_1559133213/build/src/ipc/chromium/src/chrome/common/ipc_channel_win.cc, line 341
[Child 15948, Chrom1560872263358addons.managerDEBUGshutdown
1560872263361addons.managerDEBUGCalling shutdown blocker for XPIProvider
1560872263362addons.xpiDEBUGshutdown
1560872263380addons.xpi-utilsDEBUGshutdown
1560872263381addons.managerDEBUGCalling shutdown blocker for LightweightThemeManager
1560872263382addons.managerDEBUGCalling shutdown blocker for GMPProvider
1560872263385addons.managerDEBUGCalling shutdown blocker for PluginProvider
1560872263393addons.managerDEBUGAsync provider shutdown done

###!!! [Child][RunMessage] Error: Channel closing: too late to send/recv, messages will be lost

[GPU 19800, Chrom
###!!! [Child][MessageChannel::SendAndWait] Error: Channel error: cannot send/recv


at org.openqa.selenium.firefox.internal.NewProfileExtensionConnection.start(NewProfileExtensionConnection.java:118)
... 36 more
]]>
    </error>
  </testcase> <!-- everyTime -->
  <testcase name="login3" time="0.000" classname="basics.EmployeeApplication">
    <skipped/>
  </testcase> <!-- login3 -->
  <testcase name="login5" time="0.000" classname="basics.EmployeeApplication">
    <skipped/>
  </testcase> <!-- login5 -->
  <testcase name="login4" time="0.000" classname="basics.EmployeeApplication">
    <skipped/>
  </testcase> <!-- login4 -->
  <testcase name="login2" time="0.000" classname="basics.EmployeeApplication">
    <skipped/>
  </testcase> <!-- login2 -->
</testsuite> <!-- basics.EmployeeApplication -->
