<?xml version="1.0" encoding="UTF-8"?>
<!-- Generated by org.testng.reporters.JUnitReportReporter -->
<testsuite skipped="0" hostname="LAPTOP-HOETUUL9" name="basics.RunTest" tests="4" failures="0" timestamp="20 Jun 2019 15:57:57 GMT" time="0.010" errors="0">
  <testcase name="employeeTest" time="0.004" classname="basics.RunTest"/>
  <testcase name="runTest" time="0.002" classname="basics.RunTest"/>
  <testcase name="loginTest1" time="0.002" classname="basics.RunTest"/>
  <testcase name="login4" time="0.002" classname="basics.RunTest"/>
</testsuite> <!-- basics.RunTest -->
