<?xml version="1.0" encoding="UTF-8"?>
<!-- Generated by org.testng.reporters.JUnitReportReporter -->
<testsuite skipped="0" hostname="LAPTOP-HOETUUL9" name="login.LoginPageTest" tests="2" failures="0" timestamp="18 Oct 2019 18:34:45 GMT" time="6.913" errors="0">
  <testcase name="login5" time="2.328" classname="login.LoginPageTest"/>
  <testcase name="login2" time="4.585" classname="login.LoginPageTest"/>
</testsuite> <!-- login.LoginPageTest -->
