<?xml version="1.0" encoding="UTF-8"?>
<!-- Generated by org.testng.reporters.JUnitReportReporter -->
<testsuite skipped="0" hostname="LAPTOP-HOETUUL9" name="parallelTest.Test1" tests="2" failures="0" timestamp="28 Jun 2019 14:39:45 GMT" time="9.698" errors="0">
  <testcase name="test2" time="3.987" classname="parallelTest.Test1"/>
  <testcase name="test1" time="5.711" classname="parallelTest.Test1"/>
</testsuite> <!-- parallelTest.Test1 -->
