<?xml version="1.0" encoding="UTF-8"?>
<!-- Generated by org.testng.reporters.JUnitReportReporter -->
<testsuite skipped="0" hostname="LAPTOP-HOETUUL9" name="dataProvider.EmployeeTest" tests="2" failures="0" timestamp="21 Jun 2019 15:47:59 GMT" time="0.007" errors="0">
  <testcase name="testMethod" time="0.006" classname="dataProvider.EmployeeTest"/>
  <testcase name="testMethod" time="0.001" classname="dataProvider.EmployeeTest"/>
</testsuite> <!-- dataProvider.EmployeeTest -->
