<?xml version="1.0" encoding="UTF-8"?>
<!-- Generated by org.testng.reporters.JUnitReportReporter -->
<testsuite skipped="0" hostname="LAPTOP-HOETUUL9" name="dependency.DependencyTest" tests="3" failures="0" timestamp="21 Jun 2019 14:44:40 GMT" time="0.009" errors="0">
  <testcase name="login" time="0.008" classname="dependency.DependencyTest"/>
  <testcase name="createAccount" time="0.000" classname="dependency.DependencyTest"/>
  <testcase name="logout" time="0.001" classname="dependency.DependencyTest"/>
</testsuite> <!-- dependency.DependencyTest -->
