<?xml version="1.0" encoding="UTF-8"?>
<!-- Generated by org.testng.reporters.JUnitReportReporter -->
<testsuite skipped="0" hostname="LAPTOP-HOETUUL9" name="parallelTest.Test2" tests="2" failures="0" timestamp="28 Jun 2019 14:39:45 GMT" time="17.941" errors="0">
  <testcase name="test1" time="5.510" classname="parallelTest.Test2"/>
  <testcase name="test2" time="12.431" classname="parallelTest.Test2"/>
</testsuite> <!-- parallelTest.Test2 -->
