<?xml version="1.0" encoding="UTF-8"?>
<!-- Generated by org.testng.reporters.JUnitReportReporter -->
<testsuite skipped="0" hostname="LAPTOP-HOETUUL9" name="basics.WithoutNwithPriority" tests="4" failures="0" timestamp="20 Jun 2019 15:30:37 GMT" time="0.011" errors="0">
  <testcase name="runTest" time="0.001" classname="basics.WithoutNwithPriority"/>
  <testcase name="employeeTest" time="0.008" classname="basics.WithoutNwithPriority"/>
  <testcase name="login4" time="0.001" classname="basics.WithoutNwithPriority"/>
  <testcase name="loginTest1" time="0.001" classname="basics.WithoutNwithPriority"/>
</testsuite> <!-- basics.WithoutNwithPriority -->
