<?xml version="1.0" encoding="UTF-8"?>
<!-- Generated by org.testng.reporters.JUnitReportReporter -->
<testsuite skipped="1" hostname="LAPTOP-HOETUUL9" name="chechEnable.ChechEnable" tests="5" failures="0" timestamp="21 Jun 2019 14:06:27 GMT" time="0.012" errors="0">
  <testcase name="employeeTest" time="0.009" classname="chechEnable.ChechEnable"/>
  <testcase name="login4" time="0.001" classname="chechEnable.ChechEnable"/>
  <testcase name="runTest" time="0.001" classname="chechEnable.ChechEnable"/>
  <testcase name="loginTest1" time="0.001" classname="chechEnable.ChechEnable"/>
  <testcase name="myTest" classname="chechEnable.ChechEnable">
    <skipped/>
  </testcase> <!-- myTest -->
</testsuite> <!-- chechEnable.ChechEnable -->
