<?xml version="1.0" encoding="UTF-8"?>
<!-- Generated by org.testng.reporters.JUnitReportReporter -->
<testsuite skipped="0" hostname="LAPTOP-HOETUUL9" name="logs.LogTest1" tests="1" failures="0" timestamp="07 Jul 2019 12:40:21 GMT" time="0.031" errors="0">
  <testcase name="test1" time="0.031" classname="logs.LogTest1"/>
</testsuite> <!-- logs.LogTest1 -->
